<?xml version="1.0" encoding="UTF-8"?>
<testsuite name="com.gamefactory.neoncircuittrace.GameStateTest" tests="5" skipped="0" failures="0" errors="0" timestamp="2026-08-30T23:11:38" hostname="us16g.2tic.com" time="0.001">
  <properties/>
  <testcase name="undoTokenReturnsFalseWhenExhausted" classname="com.gamefactory.neoncircuittrace.GameStateTest" time="0.0"/>
  <testcase name="startsAtRoundOneWithOneUndo" classname="com.gamefactory.neoncircuittrace.GameStateTest" time="0.0"/>
  <testcase name="failResetsStreakNotBest" classname="com.gamefactory.neoncircuittrace.GameStateTest" time="0.0"/>
  <testcase name="nextRoundIncrementsAndResetsTokens" classname="com.gamefactory.neoncircuittrace.GameStateTest" time="0.0"/>
  <testcase name="completeTracksBestAndStreak" classname="com.gamefactory.neoncircuittrace.GameStateTest" time="0.0"/>
  <system-out><![CDATA[]]></system-out>
  <system-err><![CDATA[]]></system-err>
</testsuite>
