<?xml version="1.0" encoding="UTF-8"?>
<testsuite name="com.gamefactory.neoncircuittrace.TraceEngineTest" tests="5" skipped="0" failures="0" errors="0" timestamp="2026-08-30T23:11:39" hostname="us16g.2tic.com" time="0.029">
  <properties/>
  <testcase name="wrongOnBadNode" classname="com.gamefactory.neoncircuittrace.TraceEngineTest" time="0.017"/>
  <testcase name="completeWhenFullMatch" classname="com.gamefactory.neoncircuittrace.TraceEngineTest" time="0.002"/>
  <testcase name="scoreIsPositiveForFastRun" classname="com.gamefactory.neoncircuittrace.TraceEngineTest" time="0.005"/>
  <testcase name="inProgressWhenTapMatchesPrefix" classname="com.gamefactory.neoncircuittrace.TraceEngineTest" time="0.001"/>
  <testcase name="wrongOnOverTap" classname="com.gamefactory.neoncircuittrace.TraceEngineTest" time="0.003"/>
  <system-out><![CDATA[]]></system-out>
  <system-err><![CDATA[]]></system-err>
</testsuite>
